<?xml version="1.0" encoding="UTF-8"?>
<!-- Generated by org.testng.reporters.JUnitReportReporter -->
<testsuite hostname="WINDOWS-VP6KEMI" failures="0" tests="3" name="practice.DataProviderPracticeTest" time="0.031" errors="0" timestamp="2021-12-23T22:23:44 IST" skipped="0">
  <testcase classname="practice.DataProviderPracticeTest" name="readDataFromDataProviderTest" time="0.022"/>
  <system-out/>
  <testcase classname="practice.DataProviderPracticeTest" name="readDataFromDataProviderTest" time="0.005"/>
  <system-out/>
  <testcase classname="practice.DataProviderPracticeTest" name="readDataFromDataProviderTest" time="0.004"/>
  <system-out/>
</testsuite> <!-- practice.DataProviderPracticeTest -->
