<?xml version="1.0" encoding="UTF-8"?>
<!-- Generated by org.testng.reporters.JUnitReportReporter -->
<testsuite hostname="WINDOWS-VP6KEMI" failures="0" tests="5" name="practice.DataProvider_5x3example" time="0.057" errors="0" timestamp="2021-12-25T18:19:49 IST" skipped="0">
  <testcase classname="practice.DataProvider_5x3example" name="readDataFromDataProviderTest" time="0.018"/>
  <system-out/>
  <testcase classname="practice.DataProvider_5x3example" name="readDataFromDataProviderTest" time="0.004"/>
  <system-out/>
  <testcase classname="practice.DataProvider_5x3example" name="readDataFromDataProviderTest" time="0.013"/>
  <system-out/>
  <testcase classname="practice.DataProvider_5x3example" name="readDataFromDataProviderTest" time="0.004"/>
  <system-out/>
  <testcase classname="practice.DataProvider_5x3example" name="readDataFromDataProviderTest" time="0.018"/>
  <system-out/>
</testsuite> <!-- practice.DataProvider_5x3example -->
